#
# A fatal error has been detected by the Java Runtime Environment:
#
#  EXCEPTION_ACCESS_VIOLATION (0xc0000005) at pc=0x00000000545d7675, pid=25024, tid=17940
#
# JRE version: Java(TM) SE Runtime Environment (8.0_11-b12) (build 1.8.0_11-b12)
# Java VM: Java HotSpot(TM) 64-Bit Server VM (25.11-b03 mixed mode windows-amd64 compressed oops)
# Problematic frame:
# V  [jvm.dll+0x117675]
#
# Failed to write core dump. Minidumps are not enabled by default on client versions of Windows
#
# If you would like to submit a bug report, please visit:
#   http://bugreport.sun.com/bugreport/crash.jsp
#

---------------  T H R E A D  ---------------

Current thread (0x000000001dd0e800):  JavaThread "JDWP Transport Listener: dt_socket" daemon [_thread_in_vm, id=17940, stack(0x000000001e620000,0x000000001e720000)]

siginfo: ExceptionCode=0xc0000005, reading address 0x00003b7972003b72

Registers:
RAX=0x000000001e71f201, RBX=0x000000001dd0e800, RCX=0x00003b7972003b72, RDX=0x0000000000000000
RSP=0x000000001e71f270, RBP=0x00003b7972003b72, RSI=0x000000001e71f388, RDI=0x00000000021089e0
R8 =0x000000001dd0e800, R9 =0x0000000000000000, R10=0x0000000000000000, R11=0x0000000000000064
R12=0x0000000000000000, R13=0x000000001dd1a378, R14=0x0000000000000000, R15=0x0000000000000000
RIP=0x00000000545d7675, EFLAGS=0x0000000000010206

Top of Stack: (sp=0x000000001e71f270)
0x000000001e71f270:   000000001dd0e800 000000001dd0e800
0x000000001e71f280:   000000001e71f338 00000000547ca12b
0x000000001e71f290:   000000001dd0e800 00000000547e698d
0x000000001e71f2a0:   0000000000000000 0000000054459149
0x000000001e71f2b0:   000000001f3060c8 0000000054462912
0x000000001e71f2c0:   000000001dd0e800 0000000000000000
0x000000001e71f2d0:   0000000000000000 0000000000000000
0x000000001e71f2e0:   00003b7972003b72 0000000054461a09
0x000000001e71f2f0:   000000001e71f388 000000001e71f360
0x000000001e71f300:   0000000000000001 000000001f3060c8
0x000000001e71f310:   00003b7972003b72 00000000544453b3
0x000000001e71f320:   000000001e71f450 0000000000000001
0x000000001e71f330:   0000000000000001 000000001f3060c8
0x000000001e71f340:   00000000f000100a 0000000000000000
0x000000001e71f350:   0000000000000000 0000000000000000
0x000000001e71f360:   0000000000000001 0000000054445571 

Instructions: (pc=0x00000000545d7675)
0x00000000545d7655:   cc cc cc cc cc cc cc cc cc cc cc 48 83 ec 28 48
0x00000000545d7665:   85 c9 75 07 33 c0 48 83 c4 28 c3 48 89 5c 24 20
0x00000000545d7675:   48 8b 19 48 85 db 74 20 48 83 fb 37 74 1a 48 8b
0x00000000545d7685:   13 48 8b cb ff 52 08 84 c0 74 0d 48 8b c3 48 8b 


Register to memory mapping:

RAX=0x000000001e71f201 is pointing into the stack for thread: 0x000000001dd0e800
RBX=0x000000001dd0e800 is a thread
RCX=0x00003b7972003b72 is an unknown value
RDX=0x0000000000000000 is an unknown value
RSP=0x000000001e71f270 is pointing into the stack for thread: 0x000000001dd0e800
RBP=0x00003b7972003b72 is an unknown value
RSI=0x000000001e71f388 is pointing into the stack for thread: 0x000000001dd0e800
RDI=0x00000000021089e0 is an unknown value
R8 =0x000000001dd0e800 is a thread
R9 =0x0000000000000000 is an unknown value
R10=0x0000000000000000 is an unknown value
R11=0x0000000000000064 is an unknown value
R12=0x0000000000000000 is an unknown value
R13=0x000000001dd1a378 is an unknown value
R14=0x0000000000000000 is an unknown value
R15=0x0000000000000000 is an unknown value


Stack: [0x000000001e620000,0x000000001e720000],  sp=0x000000001e71f270,  free space=1020k
Native frames: (J=compiled Java code, j=interpreted, Vv=VM code, C=native code)
V  [jvm.dll+0x117675]
V  [jvm.dll+0x32698d]
C  [jdwp.dll+0x21a09]
C  [jdwp.dll+0x53b3]
C  [jdwp.dll+0x5571]
C  [jdwp.dll+0xf09c]
C  [jdwp.dll+0x1f2c9]
C  [jdwp.dll+0x1f49e]
V  [jvm.dll+0x1a73a8]
V  [jvm.dll+0x2234b4]
V  [jvm.dll+0x27bcca]
C  [msvcr100.dll+0x21d9f]
C  [msvcr100.dll+0x21e3b]
C  [KERNEL32.DLL+0x12d92]
C  [ntdll.dll+0x9f64]


---------------  P R O C E S S  ---------------

Java Threads: ( => current thread )
  0x000000001df85000 JavaThread "ReaderThread" [_thread_in_native, id=33264, stack(0x000000001ef20000,0x000000001f020000)]
  0x000000001ddc4000 JavaThread "Service Thread" daemon [_thread_blocked, id=22672, stack(0x000000001ed20000,0x000000001ee20000)]
  0x000000001dd48000 JavaThread "C1 CompilerThread3" daemon [_thread_blocked, id=30092, stack(0x000000001ec20000,0x000000001ed20000)]
  0x000000001dd47000 JavaThread "C2 CompilerThread2" daemon [_thread_blocked, id=7292, stack(0x000000001eb20000,0x000000001ec20000)]
  0x000000001dd46800 JavaThread "C2 CompilerThread1" daemon [_thread_blocked, id=25352, stack(0x000000001ea20000,0x000000001eb20000)]
  0x000000001dd33000 JavaThread "C2 CompilerThread0" daemon [_thread_blocked, id=34600, stack(0x000000001e920000,0x000000001ea20000)]
  0x000000001dd29000 JavaThread "JDWP Command Reader" daemon [_thread_in_native, id=9784, stack(0x000000001e820000,0x000000001e920000)]
  0x000000001dd1e800 JavaThread "JDWP Event Helper Thread" daemon [_thread_blocked, id=33656, stack(0x000000001e720000,0x000000001e820000)]
=>0x000000001dd0e800 JavaThread "JDWP Transport Listener: dt_socket" daemon [_thread_in_vm, id=17940, stack(0x000000001e620000,0x000000001e720000)]
  0x000000001dd07800 JavaThread "Attach Listener" daemon [_thread_blocked, id=8108, stack(0x000000001e1e0000,0x000000001e2e0000)]
  0x000000001dd07000 JavaThread "Signal Dispatcher" daemon [_thread_blocked, id=1944, stack(0x000000001e0e0000,0x000000001e1e0000)]
  0x000000000220c000 JavaThread "Finalizer" daemon [_thread_blocked, id=9464, stack(0x000000001dbe0000,0x000000001dce0000)]
  0x0000000002203000 JavaThread "Reference Handler" daemon [_thread_blocked, id=9860, stack(0x000000001dae0000,0x000000001dbe0000)]
  0x0000000002112800 JavaThread "main" [_thread_blocked, id=4832, stack(0x0000000001f20000,0x0000000002020000)]

Other Threads:
  0x000000001bcd8000 VMThread [stack: 0x000000001d9e0000,0x000000001dae0000] [id=26404]
  0x000000001dd37000 WatcherThread [stack: 0x000000001ee20000,0x000000001ef20000] [id=24684]

VM state:not at safepoint (normal execution)

VM Mutex/Monitor currently owned by a thread: None

Heap:
 PSYoungGen      total 12288K, used 4951K [0x000000076ad80000, 0x000000076c280000, 0x00000007c0000000)
  eden space 10240K, 30% used [0x000000076ad80000,0x000000076b089d50,0x000000076b780000)
  from space 2048K, 89% used [0x000000076b780000,0x000000076b94c088,0x000000076b980000)
  to   space 2560K, 0% used [0x000000076c000000,0x000000076c000000,0x000000076c280000)
 ParOldGen       total 260608K, used 4976K [0x00000006c0800000, 0x00000006d0680000, 0x000000076ad80000)
  object space 260608K, 1% used [0x00000006c0800000,0x00000006c0cdc090,0x00000006d0680000)
 Metaspace       used 14540K, capacity 14776K, committed 15104K, reserved 1062912K
  class space    used 1620K, capacity 1690K, committed 1792K, reserved 1048576K

Card table byte_map: [0x00000000115d0000,0x0000000011dd0000] byte_map_base: 0x000000000dfcc000

Marking Bits: (ParMarkBitMap*) 0x0000000054c712b0
 Begin Bits: [0x0000000012b30000, 0x0000000016b10000)
 End Bits:   [0x0000000016b10000, 0x000000001aaf0000)

Polling page: 0x0000000001f00000

CodeCache: size=245760Kb used=4768Kb max_used=4781Kb free=240991Kb
 bounds [0x0000000002210000, 0x00000000026c0000, 0x0000000011210000]
 total_blobs=1675 nmethods=1099 adapters=497
 compilation: enabled

Compilation events (10 events):
Event: 60.479 Thread 0x000000001dd48000 nmethod 1095 0x00000000026b6650 code [0x00000000026b67a0, 0x00000000026b6910]
Event: 60.479 Thread 0x000000001dd48000 1096       3       jdk.internal.org.objectweb.asm.ClassWriter::put122 (15 bytes)
Event: 60.480 Thread 0x000000001dd48000 nmethod 1096 0x00000000026b6a10 code [0x00000000026b6b80, 0x00000000026b6d98]
Event: 60.480 Thread 0x000000001dd48000 1097       3       java.lang.invoke.MemberName::getReferenceKind (12 bytes)
Event: 60.480 Thread 0x000000001dd48000 nmethod 1097 0x00000000026b6ed0 code [0x00000000026b7020, 0x00000000026b7170]
Event: 60.488 Thread 0x000000001dd48000 1098       3       java.util.regex.Pattern::next (33 bytes)
Event: 60.488 Thread 0x000000001dd48000 nmethod 1098 0x00000000026b71d0 code [0x00000000026b7340, 0x00000000026b7608]
Event: 60.495 Thread 0x000000001dd46800 nmethod 1093 0x00000000026baf10 code [0x00000000026bb0c0, 0x00000000026bbc70]
Event: 136.264 Thread 0x000000001dd48000 1099       3       java.nio.CharBuffer::arrayOffset (35 bytes)
Event: 136.264 Thread 0x000000001dd48000 nmethod 1099 0x00000000026ba910 code [0x00000000026baaa0, 0x00000000026badb8]

GC Heap History (10 events):
Event: 0.378 GC heap before
{Heap before GC invocations=9 (full 0):
 PSYoungGen      total 5120K, used 4988K [0x000000076ad80000, 0x000000076b380000, 0x00000007c0000000)
  eden space 4096K, 99% used [0x000000076ad80000,0x000000076b17c930,0x000000076b180000)
  from space 1024K, 88% used [0x000000076b280000,0x000000076b362960,0x000000076b380000)
  to   space 1024K, 0% used [0x000000076b180000,0x000000076b180000,0x000000076b280000)
 ParOldGen       total 260608K, used 1024K [0x00000006c0800000, 0x00000006d0680000, 0x000000076ad80000)
  object space 260608K, 0% used [0x00000006c0800000,0x00000006c09003e8,0x00000006d0680000)
 Metaspace       used 6570K, capacity 6666K, committed 6912K, reserved 1056768K
  class space    used 730K, capacity 753K, committed 768K, reserved 1048576K
Event: 0.379 GC heap after
Heap after GC invocations=9 (full 0):
 PSYoungGen      total 5120K, used 1006K [0x000000076ad80000, 0x000000076b700000, 0x00000007c0000000)
  eden space 4096K, 0% used [0x000000076ad80000,0x000000076ad80000,0x000000076b180000)
  from space 1024K, 98% used [0x000000076b180000,0x000000076b27b8f0,0x000000076b280000)
  to   space 1536K, 0% used [0x000000076b580000,0x000000076b580000,0x000000076b700000)
 ParOldGen       total 260608K, used 1559K [0x00000006c0800000, 0x00000006d0680000, 0x000000076ad80000)
  object space 260608K, 0% used [0x00000006c0800000,0x00000006c0985c00,0x00000006d0680000)
 Metaspace       used 6570K, capacity 6666K, committed 6912K, reserved 1056768K
  class space    used 730K, capacity 753K, committed 768K, reserved 1048576K
}
Event: 0.458 GC heap before
{Heap before GC invocations=10 (full 0):
 PSYoungGen      total 5120K, used 5102K [0x000000076ad80000, 0x000000076b700000, 0x00000007c0000000)
  eden space 4096K, 100% used [0x000000076ad80000,0x000000076b180000,0x000000076b180000)
  from space 1024K, 98% used [0x000000076b180000,0x000000076b27b8f0,0x000000076b280000)
  to   space 1536K, 0% used [0x000000076b580000,0x000000076b580000,0x000000076b700000)
 ParOldGen       total 260608K, used 1559K [0x00000006c0800000, 0x00000006d0680000, 0x000000076ad80000)
  object space 260608K, 0% used [0x00000006c0800000,0x00000006c0985c00,0x00000006d0680000)
 Metaspace       used 8648K, capacity 8714K, committed 8960K, reserved 1056768K
  class space    used 985K, capacity 1009K, committed 1024K, reserved 1048576K
Event: 0.460 GC heap after
Heap after GC invocations=10 (full 0):
 PSYoungGen      total 7680K, used 1525K [0x000000076ad80000, 0x000000076b800000, 0x00000007c0000000)
  eden space 6144K, 0% used [0x000000076ad80000,0x000000076ad80000,0x000000076b380000)
  from space 1536K, 99% used [0x000000076b580000,0x000000076b6fd738,0x000000076b700000)
  to   space 2048K, 0% used [0x000000076b380000,0x000000076b380000,0x000000076b580000)
 ParOldGen       total 260608K, used 2331K [0x00000006c0800000, 0x00000006d0680000, 0x000000076ad80000)
  object space 260608K, 0% used [0x00000006c0800000,0x00000006c0a46f70,0x00000006d0680000)
 Metaspace       used 8648K, capacity 8714K, committed 8960K, reserved 1056768K
  class space    used 985K, capacity 1009K, committed 1024K, reserved 1048576K
}
Event: 0.642 GC heap before
{Heap before GC invocations=11 (full 0):
 PSYoungGen      total 7680K, used 7669K [0x000000076ad80000, 0x000000076b800000, 0x00000007c0000000)
  eden space 6144K, 100% used [0x000000076ad80000,0x000000076b380000,0x000000076b380000)
  from space 1536K, 99% used [0x000000076b580000,0x000000076b6fd738,0x000000076b700000)
  to   space 2048K, 0% used [0x000000076b380000,0x000000076b380000,0x000000076b580000)
 ParOldGen       total 260608K, used 2331K [0x00000006c0800000, 0x00000006d0680000, 0x000000076ad80000)
  object space 260608K, 0% used [0x00000006c0800000,0x00000006c0a46f70,0x00000006d0680000)
 Metaspace       used 11082K, capacity 11302K, committed 11392K, reserved 1058816K
  class space    used 1297K, capacity 1373K, committed 1408K, reserved 1048576K
Event: 0.644 GC heap after
Heap after GC invocations=11 (full 0):
 PSYoungGen      total 8192K, used 1482K [0x000000076ad80000, 0x000000076bb80000, 0x00000007c0000000)
  eden space 6144K, 0% used [0x000000076ad80000,0x000000076ad80000,0x000000076b380000)
  from space 2048K, 72% used [0x000000076b380000,0x000000076b4f2998,0x000000076b580000)
  to   space 2048K, 0% used [0x000000076b980000,0x000000076b980000,0x000000076bb80000)
 ParOldGen       total 260608K, used 3683K [0x00000006c0800000, 0x00000006d0680000, 0x000000076ad80000)
  object space 260608K, 1% used [0x00000006c0800000,0x00000006c0b98f80,0x00000006d0680000)
 Metaspace       used 11082K, capacity 11302K, committed 11392K, reserved 1058816K
  class space    used 1297K, capacity 1373K, committed 1408K, reserved 1048576K
}
Event: 0.746 GC heap before
{Heap before GC invocations=12 (full 0):
 PSYoungGen      total 8192K, used 7626K [0x000000076ad80000, 0x000000076bb80000, 0x00000007c0000000)
  eden space 6144K, 100% used [0x000000076ad80000,0x000000076b380000,0x000000076b380000)
  from space 2048K, 72% used [0x000000076b380000,0x000000076b4f2998,0x000000076b580000)
  to   space 2048K, 0% used [0x000000076b980000,0x000000076b980000,0x000000076bb80000)
 ParOldGen       total 260608K, used 3683K [0x00000006c0800000, 0x00000006d0680000, 0x000000076ad80000)
  object space 260608K, 1% used [0x00000006c0800000,0x00000006c0b98f80,0x00000006d0680000)
 Metaspace       used 12425K, capacity 12652K, committed 12800K, reserved 1060864K
  class space    used 1446K, capacity 1502K, committed 1536K, reserved 1048576K
Event: 0.747 GC heap after
Heap after GC invocations=12 (full 0):
 PSYoungGen      total 12288K, used 1332K [0x000000076ad80000, 0x000000076bb80000, 0x00000007c0000000)
  eden space 10240K, 0% used [0x000000076ad80000,0x000000076ad80000,0x000000076b780000)
  from space 2048K, 65% used [0x000000076b980000,0x000000076bacd098,0x000000076bb80000)
  to   space 2048K, 0% used [0x000000076b780000,0x000000076b780000,0x000000076b980000)
 ParOldGen       total 260608K, used 4527K [0x00000006c0800000, 0x00000006d0680000, 0x000000076ad80000)
  object space 260608K, 1% used [0x00000006c0800000,0x00000006c0c6bff0,0x00000006d0680000)
 Metaspace       used 12425K, capacity 12652K, committed 12800K, reserved 1060864K
  class space    used 1446K, capacity 1502K, committed 1536K, reserved 1048576K
}
Event: 0.894 GC heap before
{Heap before GC invocations=13 (full 0):
 PSYoungGen      total 12288K, used 11572K [0x000000076ad80000, 0x000000076bb80000, 0x00000007c0000000)
  eden space 10240K, 100% used [0x000000076ad80000,0x000000076b780000,0x000000076b780000)
  from space 2048K, 65% used [0x000000076b980000,0x000000076bacd098,0x000000076bb80000)
  to   space 2048K, 0% used [0x000000076b780000,0x000000076b780000,0x000000076b980000)
 ParOldGen       total 260608K, used 4527K [0x00000006c0800000, 0x00000006d0680000, 0x000000076ad80000)
  object space 260608K, 1% used [0x00000006c0800000,0x00000006c0c6bff0,0x00000006d0680000)
 Metaspace       used 14266K, capacity 14472K, committed 14720K, reserved 1062912K
  class space    used 1573K, capacity 1637K, committed 1664K, reserved 1048576K
Event: 0.896 GC heap after
Heap after GC invocations=13 (full 0):
 PSYoungGen      total 12288K, used 1840K [0x000000076ad80000, 0x000000076c280000, 0x00000007c0000000)
  eden space 10240K, 0% used [0x000000076ad80000,0x000000076ad80000,0x000000076b780000)
  from space 2048K, 89% used [0x000000076b780000,0x000000076b94c088,0x000000076b980000)
  to   space 2560K, 0% used [0x000000076c000000,0x000000076c000000,0x000000076c280000)
 ParOldGen       total 260608K, used 4976K [0x00000006c0800000, 0x00000006d0680000, 0x000000076ad80000)
  object space 260608K, 1% used [0x00000006c0800000,0x00000006c0cdc090,0x00000006d0680000)
 Metaspace       used 14266K, capacity 14472K, committed 14720K, reserved 1062912K
  class space    used 1573K, capacity 1637K, committed 1664K, reserved 1048576K
}

Deoptimization events (10 events):
Event: 0.891 Thread 0x0000000002112800 Uncommon trap: reason=range_check action=none pc=0x00000000025514e4 method=sun.reflect.generics.parser.SignatureParser.current()C @ 34
Event: 0.891 Thread 0x0000000002112800 Uncommon trap: reason=range_check action=none pc=0x00000000025514e4 method=sun.reflect.generics.parser.SignatureParser.current()C @ 34
Event: 0.892 Thread 0x0000000002112800 Uncommon trap: reason=range_check action=none pc=0x00000000025514e4 method=sun.reflect.generics.parser.SignatureParser.current()C @ 34
Event: 0.892 Thread 0x0000000002112800 Uncommon trap: reason=range_check action=none pc=0x00000000025514e4 method=sun.reflect.generics.parser.SignatureParser.current()C @ 34
Event: 0.892 Thread 0x0000000002112800 Uncommon trap: reason=range_check action=none pc=0x00000000025514e4 method=sun.reflect.generics.parser.SignatureParser.current()C @ 34
Event: 0.892 Thread 0x0000000002112800 Uncommon trap: reason=range_check action=none pc=0x00000000025514e4 method=sun.reflect.generics.parser.SignatureParser.current()C @ 34
Event: 0.892 Thread 0x0000000002112800 Uncommon trap: reason=range_check action=none pc=0x00000000025514e4 method=sun.reflect.generics.parser.SignatureParser.current()C @ 34
Event: 0.892 Thread 0x0000000002112800 Uncommon trap: reason=range_check action=none pc=0x00000000025514e4 method=sun.reflect.generics.parser.SignatureParser.current()C @ 34
Event: 0.898 Thread 0x0000000002112800 Uncommon trap: reason=range_check action=none pc=0x00000000025514e4 method=sun.reflect.generics.parser.SignatureParser.current()C @ 34
Event: 0.898 Thread 0x0000000002112800 Uncommon trap: reason=range_check action=none pc=0x00000000025514e4 method=sun.reflect.generics.parser.SignatureParser.current()C @ 34

Internal exceptions (10 events):
Event: 123.179 Thread 0x0000000002112800 Exception <a 'java/security/PrivilegedActionException'> (0x000000076b040538) thrown at [C:\re\workspace\8-2-build-windows-amd64-cygwin\jdk8u11\648\hotspot\src\share\vm\prims\jvm.cpp, line 1248]
Event: 123.180 Thread 0x0000000002112800 Exception <a 'java/security/PrivilegedActionException'> (0x000000076b044e10) thrown at [C:\re\workspace\8-2-build-windows-amd64-cygwin\jdk8u11\648\hotspot\src\share\vm\prims\jvm.cpp, line 1248]
Event: 123.181 Thread 0x0000000002112800 Exception <a 'java/security/PrivilegedActionException'> (0x000000076b049490) thrown at [C:\re\workspace\8-2-build-windows-amd64-cygwin\jdk8u11\648\hotspot\src\share\vm\prims\jvm.cpp, line 1248]
Event: 123.181 Thread 0x0000000002112800 Exception <a 'java/lang/ClassNotFoundException': SimpleTemplateScript2BeanInfo> (0x000000076b0499d0) thrown at [C:\re\workspace\8-2-build-windows-amd64-cygwin\jdk8u11\648\hotspot\src\share\vm\classfile\systemDictionary.cpp, line 202]
Event: 123.182 Thread 0x0000000002112800 Exception <a 'java/security/PrivilegedActionException'> (0x000000076b04a4d0) thrown at [C:\re\workspace\8-2-build-windows-amd64-cygwin\jdk8u11\648\hotspot\src\share\vm\prims\jvm.cpp, line 1248]
Event: 123.182 Thread 0x0000000002112800 Exception <a 'java/security/PrivilegedActionException'> (0x000000076b04ec20) thrown at [C:\re\workspace\8-2-build-windows-amd64-cygwin\jdk8u11\648\hotspot\src\share\vm\prims\jvm.cpp, line 1248]
Event: 123.183 Thread 0x0000000002112800 Exception <a 'java/security/PrivilegedActionException'> (0x000000076b04f660) thrown at [C:\re\workspace\8-2-build-windows-amd64-cygwin\jdk8u11\648\hotspot\src\share\vm\prims\jvm.cpp, line 1248]
Event: 123.184 Thread 0x0000000002112800 Exception <a 'java/security/PrivilegedActionException'> (0x000000076b054140) thrown at [C:\re\workspace\8-2-build-windows-amd64-cygwin\jdk8u11\648\hotspot\src\share\vm\prims\jvm.cpp, line 1248]
Event: 123.185 Thread 0x0000000002112800 Exception <a 'java/security/PrivilegedActionException'> (0x000000076b058890) thrown at [C:\re\workspace\8-2-build-windows-amd64-cygwin\jdk8u11\648\hotspot\src\share\vm\prims\jvm.cpp, line 1248]
Event: 123.185 Thread 0x0000000002112800 Exception <a 'java/lang/ClassNotFoundException': SimpleTemplateScript2Customizer> (0x000000076b058dd0) thrown at [C:\re\workspace\8-2-build-windows-amd64-cygwin\jdk8u11\648\hotspot\src\share\vm\classfile\systemDictionary.cpp, line 202]

Events (10 events):
Event: 227.195 Executing VM operation: GetCurrentLocation
Event: 227.195 Executing VM operation: GetCurrentLocation done
Event: 227.195 Executing VM operation: EnterInterpOnlyMode
Event: 227.195 Executing VM operation: EnterInterpOnlyMode done
Event: 227.195 Executing VM operation: ChangeSingleStep
Event: 227.195 Executing VM operation: ChangeSingleStep done
Event: 227.195 Executing VM operation: ChangeSingleStep
Event: 227.195 Executing VM operation: ChangeSingleStep done
Event: 227.202 Executing VM operation: RedefineClasses
Event: 227.209 Executing VM operation: RedefineClasses done


Dynamic libraries:
0x00007ff6b1c10000 - 0x00007ff6b1c44000 	C:\tools\Java\jdk1.8.0_11\bin\javaw.exe
0x00007ffac94a0000 - 0x00007ffac9661000 	C:\WINDOWS\SYSTEM32\ntdll.dll
0x00007ffac8eb0000 - 0x00007ffac8f5d000 	C:\WINDOWS\system32\KERNEL32.DLL
0x00007ffac6990000 - 0x00007ffac6b6d000 	C:\WINDOWS\system32\KERNELBASE.dll
0x00007ffac8fd0000 - 0x00007ffac9076000 	C:\WINDOWS\system32\ADVAPI32.dll
0x00007ffac8770000 - 0x00007ffac880d000 	C:\WINDOWS\system32\msvcrt.dll
0x00007ffac8710000 - 0x00007ffac876b000 	C:\WINDOWS\system32\sechost.dll
0x00007ffac6b80000 - 0x00007ffac6ca6000 	C:\WINDOWS\system32\RPCRT4.dll
0x00007ffac88c0000 - 0x00007ffac8a0e000 	C:\WINDOWS\system32\USER32.dll
0x00007ffac92f0000 - 0x00007ffac9476000 	C:\WINDOWS\system32\GDI32.dll
0x00007ffac1c70000 - 0x00007ffac1ee4000 	C:\WINDOWS\WinSxS\amd64_microsoft.windows.common-controls_6595b64144ccf1df_6.0.10240.16384_none_f41f7b285750ef43\COMCTL32.dll
0x00007ffac8c90000 - 0x00007ffac8cc6000 	C:\WINDOWS\system32\IMM32.DLL
0x00007ffac85b0000 - 0x00007ffac870c000 	C:\WINDOWS\system32\MSCTF.dll
0x0000000054cf0000 - 0x0000000054dc2000 	C:\tools\Java\jdk1.8.0_11\jre\bin\msvcr100.dll
0x00000000544c0000 - 0x0000000054cea000 	C:\tools\Java\jdk1.8.0_11\jre\bin\server\jvm.dll
0x00007ffac6cb0000 - 0x00007ffac6cb8000 	C:\WINDOWS\system32\PSAPI.DLL
0x00007ffabb240000 - 0x00007ffabb249000 	C:\WINDOWS\SYSTEM32\WSOCK32.dll
0x00007ffac4030000 - 0x00007ffac4053000 	C:\WINDOWS\SYSTEM32\WINMM.dll
0x00007ffac8460000 - 0x00007ffac84c9000 	C:\WINDOWS\system32\WS2_32.dll
0x00007ffac6b70000 - 0x00007ffac6b78000 	C:\WINDOWS\system32\NSI.dll
0x00007ffac3fd0000 - 0x00007ffac3ffc000 	C:\WINDOWS\SYSTEM32\WINMMBASE.dll
0x00007ffac6880000 - 0x00007ffac68c4000 	C:\WINDOWS\system32\cfgmgr32.dll
0x00007ffac4840000 - 0x00007ffac4867000 	C:\WINDOWS\SYSTEM32\DEVOBJ.dll
0x00000000544b0000 - 0x00000000544bf000 	C:\tools\Java\jdk1.8.0_11\jre\bin\verify.dll
0x0000000054480000 - 0x00000000544a8000 	C:\tools\Java\jdk1.8.0_11\jre\bin\java.dll
0x0000000054440000 - 0x0000000054475000 	C:\tools\Java\jdk1.8.0_11\jre\bin\jdwp.dll
0x0000000054430000 - 0x0000000054438000 	C:\tools\Java\jdk1.8.0_11\jre\bin\npt.dll
0x0000000054410000 - 0x0000000054426000 	C:\tools\Java\jdk1.8.0_11\jre\bin\zip.dll
0x00007ffac6f30000 - 0x00007ffac8452000 	C:\WINDOWS\system32\SHELL32.dll
0x00007ffac5f70000 - 0x00007ffac6598000 	C:\WINDOWS\system32\windows.storage.dll
0x00007ffac8a10000 - 0x00007ffac8c8c000 	C:\WINDOWS\system32\combase.dll
0x00007ffac6cc0000 - 0x00007ffac6d11000 	C:\WINDOWS\system32\shlwapi.dll
0x00007ffac5f60000 - 0x00007ffac5f6f000 	C:\WINDOWS\system32\kernel.appcore.dll
0x00007ffac68d0000 - 0x00007ffac6983000 	C:\WINDOWS\system32\shcore.dll
0x00007ffac5ef0000 - 0x00007ffac5f3a000 	C:\WINDOWS\system32\powrprof.dll
0x00007ffac5ed0000 - 0x00007ffac5ee3000 	C:\WINDOWS\system32\profapi.dll
0x0000000054400000 - 0x0000000054409000 	C:\tools\Java\jdk1.8.0_11\jre\bin\dt_socket.dll
0x00007ffab8f50000 - 0x00007ffab8f65000 	C:\WINDOWS\system32\napinsp.dll
0x00007ffab8f70000 - 0x00007ffab8f8a000 	C:\WINDOWS\system32\pnrpnsp.dll
0x00007ffac16e0000 - 0x00007ffac16f8000 	C:\WINDOWS\system32\NLAapi.dll
0x00007ffac5700000 - 0x00007ffac575d000 	C:\WINDOWS\System32\mswsock.dll
0x00007ffac5440000 - 0x00007ffac54e8000 	C:\WINDOWS\SYSTEM32\DNSAPI.dll
0x00007ffab8f90000 - 0x00007ffab8f9d000 	C:\WINDOWS\System32\winrnr.dll
0x00007ffabf360000 - 0x00007ffabf3c8000 	C:\WINDOWS\System32\fwpuclnt.dll
0x00007ffac5e00000 - 0x00007ffac5e28000 	C:\WINDOWS\SYSTEM32\bcrypt.dll
0x00007ffabd4d0000 - 0x00007ffabd4da000 	C:\Windows\System32\rasadhlp.dll
0x00000000543e0000 - 0x00000000543fa000 	C:\tools\Java\jdk1.8.0_11\jre\bin\net.dll
0x00007ffac57c0000 - 0x00007ffac57d7000 	C:\WINDOWS\SYSTEM32\CRYPTSP.dll
0x00007ffac53c0000 - 0x00007ffac53f3000 	C:\WINDOWS\system32\rsaenh.dll
0x00007ffac5790000 - 0x00007ffac57af000 	C:\WINDOWS\SYSTEM32\USERENV.dll
0x00007ffac5cf0000 - 0x00007ffac5d5b000 	C:\WINDOWS\system32\bcryptprimitives.dll
0x00007ffac5960000 - 0x00007ffac596b000 	C:\WINDOWS\SYSTEM32\CRYPTBASE.dll
0x00007ffac3810000 - 0x00007ffac3848000 	C:\WINDOWS\SYSTEM32\IPHLPAPI.DLL
0x00007ffac37e0000 - 0x00007ffac37eb000 	C:\WINDOWS\SYSTEM32\WINNSI.DLL
0x00007ffabf540000 - 0x00007ffabf556000 	C:\WINDOWS\SYSTEM32\dhcpcsvc6.DLL
0x00007ffabf4c0000 - 0x00007ffabf4da000 	C:\WINDOWS\SYSTEM32\dhcpcsvc.DLL
0x00000000543c0000 - 0x00000000543d1000 	C:\tools\Java\jdk1.8.0_11\jre\bin\nio.dll
0x00007ffac1550000 - 0x00007ffac16da000 	C:\WINDOWS\SYSTEM32\dbghelp.dll

VM Arguments:
jvm_args: -agentlib:jdwp=transport=dt_socket,suspend=y,address=localhost:63283 -Dfile.encoding=UTF-8 
java_command: org.eclipse.jdt.internal.junit.runner.RemoteTestRunner -version 3 -port 63282 -testLoaderClass org.eclipse.jdt.internal.junit4.runner.JUnit4TestLoader -loaderpluginname org.eclipse.jdt.junit4.runtime -test com.rei.chairlift.ChairliftTest:canGenerateSubTemplate
java_class_path (initial): D:\code\chairlift\chairlift\target\test-classes;D:\code\chairlift\chairlift\target\classes;C:\Users\Jeff\.m2\repository\org\codehaus\groovy\groovy-all\2.4.4\groovy-all-2.4.4.jar;C:\Users\Jeff\.m2\repository\com\google\guava\guava\18.0\guava-18.0.jar;C:\Users\Jeff\.m2\repository\org\apache\commons\commons-lang3\3.4\commons-lang3-3.4.jar;C:\Users\Jeff\.m2\repository\org\eclipse\aether\aether-api\1.0.2.v20150114\aether-api-1.0.2.v20150114.jar;C:\Users\Jeff\.m2\repository\org\eclipse\aether\aether-spi\1.0.2.v20150114\aether-spi-1.0.2.v20150114.jar;C:\Users\Jeff\.m2\repository\org\eclipse\aether\aether-util\1.0.2.v20150114\aether-util-1.0.2.v20150114.jar;C:\Users\Jeff\.m2\repository\org\eclipse\aether\aether-impl\1.0.2.v20150114\aether-impl-1.0.2.v20150114.jar;C:\Users\Jeff\.m2\repository\org\eclipse\aether\aether-connector-basic\1.0.2.v20150114\aether-connector-basic-1.0.2.v20150114.jar;C:\Users\Jeff\.m2\repository\org\eclipse\aether\aether-transport-classpath\1.0.2.v20150114\aether-transport-classpath-1.0.2.v20150114.jar;C:\Users\Jeff\.m2\repository\org\eclipse\aether\aether-transport-file\1.0.2.v20150114\aether-transport-file-1.0.2.v20150114.jar;C:\Users\Jeff\.m2\repository\org\eclipse\aether\aether-transport-http\1.0.2.v20150114\aether-transport-http-1.0.2.v20150114.jar;C:\Users\Jeff\.m2\repository\org\apache\httpcomponents\httpclient\4.5.1\httpclient-4.5.1.jar;C:\Users\Jeff\.m2\repository\org\apache\httpcomponents\httpcore\4.4.4\httpcore-4.4.4.jar;C:\Users\Jeff\.m2\repository\commons-codec\commons-codec\1.9\commons-codec-1.9.jar;C:\Users\Jeff\.m2\repository\org\slf4j\jcl-over-slf4j\1.7.13\jcl-over-slf4j-1.7.13.jar;C:\Users\Jeff\.m2\repository\org\eclipse\aether\aether-transport-wagon\1.0.2.v20150114\aether-transport-wagon-1.0.2.v20150114.jar;C:\Users\Jeff\.m2\repository\org\apache\maven\wagon\wagon-provider-api\1.0\wagon-provider-api-1.0.jar;C:\Users\Jeff\.m2\repository\org\codehaus\plexus\plexus-utils\1.4.2\plexus-utils-1.4.2.jar;C:\Use
Launcher Type: SUN_STANDARD

Environment Variables:
JAVA_HOME=C:\tools\Java\jdk1.8.0_11
PATH=C:\tools\Java\jdk1.8.0_11\jre\bin;C:\Program Files (x86)\Intel\iCLS Client\;C:\Program Files\Intel\iCLS Client\;C:\WINDOWS\system32;C:\WINDOWS;C:\WINDOWS\System32\Wbem;C:\WINDOWS\System32\WindowsPowerShell\v1.0\;C:\Program Files\Intel\Intel(R) Management Engine Components\DAL;C:\Program Files\Intel\Intel(R) Management Engine Components\IPT;C:\Program Files (x86)\Intel\Intel(R) Management Engine Components\DAL;C:\Program Files (x86)\Intel\Intel(R) Management Engine Components\IPT;C:\tools\Java\jdk1.8.0_11\bin;C:\tools\groovy-2.1.1\bin;C:\tools\gradle-2.2.1\bin;C:\tools\apache-maven-3.3.3\bin;C:\Program Files (x86)\ATI Technologies\ATI.ACE\Core-Static;C:\Program Files (x86)\GNU\GnuPG\pub;C:\ProgramData\chocolatey\bin;d:\tools\git-1.8.3\cmd;C:\Program Files (x86)\QuickTime\QTSystem\;C:\WINDOWS\system32;C:\WINDOWS;C:\WINDOWS\System32\Wbem;C:\WINDOWS\System32\WindowsPowerShell\v1.0\;C:\Program Files (x86)\AMD\ATI.ACE\Core-Static;C:\Program Files\Git\cmd;C:\Program Files\Git\mingw64\bin;C:\Program Files\Git\usr\bin;C:\Program Files (x86)\NVIDIA Corporation\PhysX\Common;d:\tools\ruby200-x64\bin;C:\Program Files (x86)\GNU\GnuPG\bin;C:\tools\atlassian-plugin-sdk\bin;c:\tools\boot2docker;D:\tools\git-1.8.3\bin
USERNAME=Jeff
OS=Windows_NT
PROCESSOR_IDENTIFIER=Intel64 Family 6 Model 58 Stepping 9, GenuineIntel



---------------  S Y S T E M  ---------------

OS: Windows 8.1 , 64 bit Build 9600 

CPU:total 8 (4 cores per cpu, 2 threads per core) family 6 model 58 stepping 9, cmov, cx8, fxsr, mmx, sse, sse2, sse3, ssse3, sse4.1, sse4.2, popcnt, avx, aes, clmul, erms, ht, tsc, tscinvbit

Memory: 4k page, physical 16736336k(8907220k free), swap 19226704k(8284260k free)

vm_info: Java HotSpot(TM) 64-Bit Server VM (25.11-b03) for windows-amd64 JRE (1.8.0_11-b12), built on Jun 16 2014 20:57:32 by "java_re" with MS VC++ 10.0 (VS2010)

time: Sat Dec 19 08:32:49 2015
elapsed time: 227 seconds

